#
# There is insufficient memory for the Java Runtime Environment to continue.
# Native memory allocation (malloc) failed to allocate 1048576 bytes for AllocateHeap
# Possible reasons:
#   The system is out of physical RAM or swap space
#   In 32 bit mode, the process size limit was hit
# Possible solutions:
#   Reduce memory load on the system
#   Increase physical memory or swap space
#   Check if swap backing store is full
#   Use 64 bit Java on a 64 bit OS
#   Decrease Java heap size (-Xmx/-Xms)
#   Decrease number of Java threads
#   Decrease Java thread stack sizes (-Xss)
#   Set larger code cache with -XX:ReservedCodeCacheSize=
# This output file may be truncated or incomplete.
#
#  Out of Memory Error (memory/allocation.inline.hpp:61), pid=15260, tid=0x0000000000002f60
#
# JRE version:  (8.0_152-b39) (build )
# Java VM: OpenJDK 64-Bit Server VM (25.152-b39 mixed mode windows-amd64 compressed oops)
# Failed to write core dump. Minidumps are not enabled by default on client versions of Windows
#

---------------  T H R E A D  ---------------

Current thread (0x00000000021ae000):  JavaThread "Unknown thread" [_thread_in_vm, id=12128, stack(0x0000000002280000,0x0000000002380000)]

Stack: [0x0000000002280000,0x0000000002380000]
[error occurred during error reporting (printing stack bounds), id 0xc0000005]

Native frames: (J=compiled Java code, j=interpreted, Vv=VM code, C=native code)


---------------  P R O C E S S  ---------------

Java Threads: ( => current thread )

Other Threads:

=>0x00000000021ae000 (exited) JavaThread "Unknown thread" [_thread_in_vm, id=12128, stack(0x0000000002280000,0x0000000002380000)]

VM state:not at safepoint (normal execution)

VM Mutex/Monitor currently owned by a thread: None

Heap:
 PSYoungGen      total 38400K, used 665K [0x00000000d5c00000, 0x00000000d8680000, 0x0000000100000000)
  eden space 33280K, 2% used [0x00000000d5c00000,0x00000000d5ca6670,0x00000000d7c80000)
  from space 5120K, 0% used [0x00000000d8180000,0x00000000d8180000,0x00000000d8680000)
  to   space 5120K, 0% used [0x00000000d7c80000,0x00000000d7c80000,0x00000000d8180000)
 ParOldGen       total 87552K, used 0K [0x0000000081400000, 0x0000000086980000, 0x00000000d5c00000)
  object space 87552K, 0% used [0x0000000081400000,0x0000000081400000,0x0000000086980000)
 Metaspace       used 772K, capacity 4480K, committed 4480K, reserved 1056768K
  class space    used 73K, capacity 384K, committed 384K, reserved 1048576K

Card table byte_map: [0x0000000011840000,0x0000000011c40000] byte_map_base: 0x0000000011436000

Marking Bits: (ParMarkBitMap*) 0x000000005be65aa0
 Begin Bits: [0x00000000126f0000, 0x00000000146a0000)
 End Bits:   [0x00000000146a0000, 0x0000000016650000)

Polling page: 0x0000000002180000

CodeCache: size=245760Kb used=328Kb max_used=328Kb free=245431Kb
 bounds [0x0000000002480000, 0x00000000026f0000, 0x0000000011480000]
 total_blobs=57 nmethods=0 adapters=38
 compilation: enabled

Compilation events (0 events):
No events

GC Heap History (0 events):
No events

Deoptimization events (0 events):
No events

Classes redefined (0 events):
No events

Internal exceptions (0 events):
No events

Events (10 events):
Event: 0.030 loading class java/lang/Short
Event: 0.030 loading class java/lang/Short done
Event: 0.030 loading class java/lang/Integer
Event: 0.031 loading class java/lang/Integer done
Event: 0.031 loading class java/lang/Long
Event: 0.031 loading class java/lang/Long done
Event: 0.032 loading class java/lang/NullPointerException
Event: 0.032 loading class java/lang/NullPointerException done
Event: 0.032 loading class java/lang/ArithmeticException
Event: 0.032 loading class java/lang/ArithmeticException done


Dynamic libraries:
0x00007ff7a9530000 - 0x00007ff7a9561000 	C:\Program Files\JetBrains\IntelliJ IDEA 2018.1\jre64\bin\java.exe
0x00007ffa51fa0000 - 0x00007ffa52171000 	C:\Windows\SYSTEM32\ntdll.dll
0x00007ffa4fe80000 - 0x00007ffa4ff2b000 	C:\Windows\System32\KERNEL32.DLL
0x00007ffa4f190000 - 0x00007ffa4f3ad000 	C:\Windows\System32\KERNELBASE.dll
0x00007ffa50030000 - 0x00007ffa500d2000 	C:\Windows\System32\ADVAPI32.dll
0x00007ffa4fc20000 - 0x00007ffa4fcbe000 	C:\Windows\System32\msvcrt.dll
0x00007ffa50a30000 - 0x00007ffa50a89000 	C:\Windows\System32\sechost.dll
0x00007ffa4faf0000 - 0x00007ffa4fc11000 	C:\Windows\System32\RPCRT4.dll
0x00007ffa4f6a0000 - 0x00007ffa4f805000 	C:\Windows\System32\USER32.dll
0x00007ffa4ef90000 - 0x00007ffa4efae000 	C:\Windows\System32\win32u.dll
0x00007ffa505f0000 - 0x00007ffa50624000 	C:\Windows\System32\GDI32.dll
0x00007ffa4f000000 - 0x00007ffa4f182000 	C:\Windows\System32\gdi32full.dll
0x00007ffa3faf0000 - 0x00007ffa3fd69000 	C:\Windows\WinSxS\amd64_microsoft.windows.common-controls_6595b64144ccf1df_6.0.14393.447_none_42191651c6827bb3\COMCTL32.dll
0x00007ffa4f820000 - 0x00007ffa4fae7000 	C:\Windows\System32\combase.dll
0x00007ffa4e490000 - 0x00007ffa4e585000 	C:\Windows\System32\ucrtbase.dll
0x00007ffa4f410000 - 0x00007ffa4f47a000 	C:\Windows\System32\bcryptPrimitives.dll
0x00007ffa4f530000 - 0x00007ffa4f55e000 	C:\Windows\System32\IMM32.DLL
0x000000005b4e0000 - 0x000000005b5b2000 	C:\Program Files\JetBrains\IntelliJ IDEA 2018.1\jre64\bin\msvcr100.dll
0x000000005b6a0000 - 0x000000005bee1000 	C:\Program Files\JetBrains\IntelliJ IDEA 2018.1\jre64\bin\server\jvm.dll
0x00007ffa4f810000 - 0x00007ffa4f818000 	C:\Windows\System32\PSAPI.DLL
0x00007ffa2d1c0000 - 0x00007ffa2d1c9000 	C:\Windows\SYSTEM32\WSOCK32.dll
0x00007ffa500e0000 - 0x00007ffa5014a000 	C:\Windows\System32\WS2_32.dll
0x00007ffa4c160000 - 0x00007ffa4c183000 	C:\Windows\SYSTEM32\WINMM.dll
0x00007ffa48940000 - 0x00007ffa4894a000 	C:\Windows\SYSTEM32\VERSION.dll
0x00007ffa4c100000 - 0x00007ffa4c12b000 	C:\Windows\SYSTEM32\WINMMBASE.dll
0x00007ffa4efb0000 - 0x00007ffa4eff2000 	C:\Windows\System32\cfgmgr32.dll
0x00007ffa46340000 - 0x00007ffa4634f000 	C:\Program Files\JetBrains\IntelliJ IDEA 2018.1\jre64\bin\verify.dll
0x00007ffa3ee40000 - 0x00007ffa3ee69000 	C:\Program Files\JetBrains\IntelliJ IDEA 2018.1\jre64\bin\java.dll
0x00007ffa43e80000 - 0x00007ffa43e96000 	C:\Program Files\JetBrains\IntelliJ IDEA 2018.1\jre64\bin\zip.dll

VM Arguments:
java_command: C:\Program Files\nodejs\node_modules\yuicompressor\build\yuicompressor-2.4.8.jar jquery-ui.min.css -o jquery-ui.min.min.css
java_class_path (initial): C:\Program Files\nodejs\node_modules\yuicompressor\build\yuicompressor-2.4.8.jar
Launcher Type: SUN_STANDARD

Environment Variables:
JAVA_HOME=C:\Program Files\Java\jdk-9.0.4
PATH=C:\ProgramData\Oracle\Java\javapath;C:\Windows\system32;C:\Windows;C:\Windows\System32\Wbem;C:\Windows\System32\WindowsPowerShell\v1.0\;C:\Program Files\Java\jdk-9.0.4\bin;C:\Program Files (x86)\Common Files\Tom Sawyer Software\8.0.0;C:\Program Files (x86)\Smart Projects\IsoBuster;C:\Program Files\Git\cmd;C:\Program Files (x86)\Gradle\gradle-4.3.1\bin;C:\Program Files\PuTTY\;C:\Program Files\Calibre2\;C:\Program Files\nodejs\;C:\Users\Mahdi\AppData\Local\Programs\Python\Python36-32\Scripts\;C:\Users\Mahdi\AppData\Local\Programs\Python\Python36-32\;C:\Users\Mahdi\AppData\Local\Microsoft\WindowsApps;C:\Users\Mahdi\AppData\Local\atom\bin;C:\Users\Mahdi\AppData\Roaming\npm
USERNAME=Mahdi
OS=Windows_NT
PROCESSOR_IDENTIFIER=Intel64 Family 6 Model 60 Stepping 3, GenuineIntel



---------------  S Y S T E M  ---------------

OS: Windows 10.0 , 64 bit Build 14393 (10.0.14393.0)

CPU:total 8 (initial active 8) (4 cores per cpu, 2 threads per core) family 6 model 60 stepping 3, cmov, cx8, fxsr, mmx, sse, sse2, sse3, ssse3, sse4.1, sse4.2, popcnt, avx, avx2, aes, clmul, erms, lzcnt, ht, tsc, tscinvbit, bmi1, bmi2

Memory: 4k page, physical 8298776k(1503648k free), swap 21410324k(4616k free)

vm_info: OpenJDK 64-Bit Server VM (25.152-b39) for windows-amd64 JRE (1.8.0_152-release-1136-b39), built on May 14 2018 16:48:09 by "builduser" with MS VC++ 10.0 (VS2010)

time: Thu May 31 18:46:41 2018
elapsed time: 0 seconds (0d 0h 0m 0s)

